# JRE version: Java(TM) SE Runtime Environment (8.0_51-b16) (build 1.8.0_51-b16)
# Java VM: Java HotSpot(TM) Client VM (25.51-b03 mixed mode windows-x86 )
Heap:
 def new generation   total 11200K, used 2046K [0x04a00000, 0x05620000, 0x09f50000)
  eden space 9984K,  20% used [0x04a00000, 0x04bffad0, 0x053c0000)
  from space 1216K,   0% used [0x053c0000, 0x053c0000, 0x054f0000)
  to   space 1216K,   0% used [0x054f0000, 0x054f0000, 0x05620000)
 tenured generation   total 24720K, used 14831K [0x09f50000, 0x0b774000, 0x14a00000)
   the space 24720K,  59% used [0x09f50000, 0x0adcbda8, 0x0adcbe00, 0x0b774000)
 Metaspace       used 12661K, capacity 12979K, committed 13056K, reserved 13696K
GC Heap History (10 events):
Event: 1.725 GC heap before
{Heap before GC invocations=10 (full 1):
 def new generation   total 8640K, used 8639K [0x04a00000, 0x05350000, 0x09f50000)
  eden space 7744K, 100% used [0x04a00000, 0x05190000, 0x05190000)
  from space 896K,  99% used [0x05270000, 0x0534fff8, 0x05350000)
  to   space 896K,   0% used [0x05190000, 0x05190000, 0x05270000)
 tenured generation   total 18988K, used 14198K [0x09f50000, 0x0b1db000, 0x14a00000)
   the space 18988K,  74% used [0x09f50000, 0x0ad2db38, 0x0ad2dc00, 0x0b1db000)
 Metaspace       used 12629K, capacity 12942K, committed 13056K, reserved 13696K
Event: 1.729 GC heap after
Heap after GC invocations=11 (full 1):
 def new generation   total 8640K, used 896K [0x04a00000, 0x05350000, 0x09f50000)
  eden space 7744K,   0% used [0x04a00000, 0x04a00000, 0x05190000)
  from space 896K, 100% used [0x05190000, 0x05270000, 0x05270000)
  to   space 896K,   0% used [0x05270000, 0x05270000, 0x05350000)
 tenured generation   total 18988K, used 15468K [0x09f50000, 0x0b1db000, 0x14a00000)
   the space 18988K,  81% used [0x09f50000, 0x0ae6b268, 0x0ae6b400, 0x0b1db000)
 Metaspace       used 12629K, capacity 12942K, committed 13056K, reserved 13696K
}
Event: 2.070 GC heap before
{Heap before GC invocations=11 (full 1):
 def new generation   total 8640K, used 8640K [0x04a00000, 0x05350000, 0x09f50000)
  eden space 7744K, 100% used [0x04a00000, 0x05190000, 0x05190000)
  from space 896K, 100% used [0x05190000, 0x05270000, 0x05270000)
  to   space 896K,   0% used [0x05270000, 0x05270000, 0x05350000)
 tenured generation   total 18988K, used 15468K [0x09f50000, 0x0b1db000, 0x14a00000)
   the space 18988K,  81% used [0x09f50000, 0x0ae6b268, 0x0ae6b400, 0x0b1db000)
 Metaspace       used 12629K, capacity 12942K, committed 13056K, reserved 13696K
Event: 2.073 GC heap after
Heap after GC invocations=12 (full 1):
 def new generation   total 8640K, used 896K [0x04a00000, 0x05350000, 0x09f50000)
  eden space 7744K,   0% used [0x04a00000, 0x04a00000, 0x05190000)
  from space 896K, 100% used [0x05270000, 0x05350000, 0x05350000)
  to   space 896K,   0% used [0x05190000, 0x05190000, 0x05270000)
 tenured generation   total 18988K, used 16532K [0x09f50000, 0x0b1db000, 0x14a00000)
   the space 18988K,  87% used [0x09f50000, 0x0af75200, 0x0af75200, 0x0b1db000)
 Metaspace       used 12629K, capacity 12942K, committed 13056K, reserved 13696K
}
Event: 2.418 GC heap before
{Heap before GC invocations=12 (full 1):
 def new generation   total 8640K, used 8640K [0x04a00000, 0x05350000, 0x09f50000)
  eden space 7744K, 100% used [0x04a00000, 0x05190000, 0x05190000)
  from space 896K, 100% used [0x05270000, 0x05350000, 0x05350000)
  to   space 896K,   0% used [0x05190000, 0x05190000, 0x05270000)
 tenured generation   total 18988K, used 16532K [0x09f50000, 0x0b1db000, 0x14a00000)
   the space 18988K,  87% used [0x09f50000, 0x0af75200, 0x0af75200, 0x0b1db000)
 Metaspace       used 12629K, capacity 12942K, committed 13056K, reserved 13696K
Event: 2.421 GC heap after
Heap after GC invocations=13 (full 1):
 def new generation   total 8640K, used 896K [0x04a00000, 0x05350000, 0x09f50000)
  eden space 7744K,   0% used [0x04a00000, 0x04a00000, 0x05190000)
  from space 896K, 100% used [0x05190000, 0x05270000, 0x05270000)
  to   space 896K,   0% used [0x05270000, 0x05270000, 0x05350000)
 tenured generation   total 18988K, used 17598K [0x09f50000, 0x0b1db000, 0x14a00000)
   the space 18988K,  92% used [0x09f50000, 0x0b07fa60, 0x0b07fc00, 0x0b1db000)
 Metaspace       used 12629K, capacity 12942K, committed 13056K, reserved 13696K
}
Event: 2.759 GC heap before
{Heap before GC invocations=13 (full 1):
 def new generation   total 8640K, used 8640K [0x04a00000, 0x05350000, 0x09f50000)
  eden space 7744K, 100% used [0x04a00000, 0x05190000, 0x05190000)
  from space 896K, 100% used [0x05190000, 0x05270000, 0x05270000)
  to   space 896K,   0% used [0x05270000, 0x05270000, 0x05350000)
 tenured generation   total 18988K, used 17598K [0x09f50000, 0x0b1db000, 0x14a00000)
   the space 18988K,  92% used [0x09f50000, 0x0b07fa60, 0x0b07fc00, 0x0b1db000)
 Metaspace       used 12629K, capacity 12942K, committed 13056K, reserved 13696K
Event: 2.762 GC heap after
Heap after GC invocations=14 (full 1):
 def new generation   total 8640K, used 896K [0x04a00000, 0x05350000, 0x09f50000)
  eden space 7744K,   0% used [0x04a00000, 0x04a00000, 0x05190000)
  from space 896K, 100% used [0x05270000, 0x05350000, 0x05350000)
  to   space 896K,   0% used [0x05190000, 0x05190000, 0x05270000)
 tenured generation   total 18988K, used 18707K [0x09f50000, 0x0b1db000, 0x14a00000)
   the space 18988K,  98% used [0x09f50000, 0x0b194fc8, 0x0b195000, 0x0b1db000)
 Metaspace       used 12629K, capacity 12942K, committed 13056K, reserved 13696K
}
Event: 3.103 GC heap before
{Heap before GC invocations=14 (full 1):
 def new generation   total 8640K, used 8640K [0x04a00000, 0x05350000, 0x09f50000)
  eden space 7744K, 100% used [0x04a00000, 0x05190000, 0x05190000)
  from space 896K, 100% used [0x05270000, 0x05350000, 0x05350000)
  to   space 896K,   0% used [0x05190000, 0x05190000, 0x05270000)
 tenured generation   total 18988K, used 18707K [0x09f50000, 0x0b1db000, 0x14a00000)
   the space 18988K,  98% used [0x09f50000, 0x0b194fc8, 0x0b195000, 0x0b1db000)
 Metaspace       used 12661K, capacity 12979K, committed 13056K, reserved 13696K
Event: 3.122 GC heap after
Heap after GC invocations=15 (full 2):
 def new generation   total 11200K, used 0K [0x04a00000, 0x05620000, 0x09f50000)
  eden space 9984K,   0% used [0x04a00000, 0x04a00000, 0x053c0000)
  from space 1216K,   0% used [0x053c0000, 0x053c0000, 0x054f0000)
  to   space 1216K,   0% used [0x054f0000, 0x054f0000, 0x05620000)
 tenured generation   total 24720K, used 14831K [0x09f50000, 0x0b774000, 0x14a00000)
   the space 24720K,  59% used [0x09f50000, 0x0adcbda8, 0x0adcbe00, 0x0b774000)
 Metaspace       used 12661K, capacity 12979K, committed 13056K, reserved 13696K
}

