# JRE version: Java(TM) SE Runtime Environment (8.0_51-b16) (build 1.8.0_51-b16)
# Java VM: Java HotSpot(TM) Client VM (25.51-b03 mixed mode, sharing windows-x86 )
Heap:
 def new generation   total 14016K, used 2624K [0x04400000, 0x05330000, 0x09950000)
  eden space 12480K,   8% used [0x04400000, 0x045100c0, 0x05030000)
  from space 1536K, 100% used [0x05030000, 0x051b0000, 0x051b0000)
  to   space 1536K,   0% used [0x051b0000, 0x051b0000, 0x05330000)
 tenured generation   total 31016K, used 21663K [0x09950000, 0x0b79a000, 0x14400000)
   the space 31016K,  69% used [0x09950000, 0x0ae77da0, 0x0ae77e00, 0x0b79a000)
 Metaspace       used 6424K, capacity 6841K, committed 6912K, reserved 7552K
GC Heap History (10 events):
Event: 1.187 GC heap before
{Heap before GC invocations=8 (full 1):
 def new generation   total 8640K, used 8640K [0x04400000, 0x04d50000, 0x09950000)
  eden space 7744K, 100% used [0x04400000, 0x04b90000, 0x04b90000)
  from space 896K, 100% used [0x04c70000, 0x04d50000, 0x04d50000)
  to   space 896K,   0% used [0x04b90000, 0x04b90000, 0x04c70000)
 tenured generation   total 18972K, used 12738K [0x09950000, 0x0abd7000, 0x14400000)
   the space 18972K,  67% used [0x09950000, 0x0a5c08e0, 0x0a5c0a00, 0x0abd7000)
 Metaspace       used 6025K, capacity 6729K, committed 6784K, reserved 7552K
Event: 1.191 GC heap after
Heap after GC invocations=9 (full 1):
 def new generation   total 8640K, used 896K [0x04400000, 0x04d50000, 0x09950000)
  eden space 7744K,   0% used [0x04400000, 0x04400000, 0x04b90000)
  from space 896K, 100% used [0x04b90000, 0x04c70000, 0x04c70000)
  to   space 896K,   0% used [0x04c70000, 0x04c70000, 0x04d50000)
 tenured generation   total 18972K, used 13901K [0x09950000, 0x0abd7000, 0x14400000)
   the space 18972K,  73% used [0x09950000, 0x0a6e3500, 0x0a6e3600, 0x0abd7000)
 Metaspace       used 6025K, capacity 6729K, committed 6784K, reserved 7552K
}
Event: 1.277 GC heap before
{Heap before GC invocations=9 (full 1):
 def new generation   total 8640K, used 8640K [0x04400000, 0x04d50000, 0x09950000)
  eden space 7744K, 100% used [0x04400000, 0x04b90000, 0x04b90000)
  from space 896K, 100% used [0x04b90000, 0x04c70000, 0x04c70000)
  to   space 896K,   0% used [0x04c70000, 0x04c70000, 0x04d50000)
 tenured generation   total 18972K, used 13901K [0x09950000, 0x0abd7000, 0x14400000)
   the space 18972K,  73% used [0x09950000, 0x0a6e3500, 0x0a6e3600, 0x0abd7000)
 Metaspace       used 6160K, capacity 6836K, committed 6912K, reserved 7552K
Event: 1.285 GC heap after
Heap after GC invocations=10 (full 1):
 def new generation   total 8640K, used 895K [0x04400000, 0x04d50000, 0x09950000)
  eden space 7744K,   0% used [0x04400000, 0x04400000, 0x04b90000)
  from space 896K,  99% used [0x04c70000, 0x04d4fff8, 0x04d50000)
  to   space 896K,   0% used [0x04b90000, 0x04b90000, 0x04c70000)
 tenured generation   total 18972K, used 18125K [0x09950000, 0x0abd7000, 0x14400000)
   the space 18972K,  95% used [0x09950000, 0x0ab035b0, 0x0ab03600, 0x0abd7000)
 Metaspace       used 6160K, capacity 6836K, committed 6912K, reserved 7552K
}
Event: 1.615 GC heap before
{Heap before GC invocations=10 (full 1):
 def new generation   total 8640K, used 8639K [0x04400000, 0x04d50000, 0x09950000)
  eden space 7744K, 100% used [0x04400000, 0x04b90000, 0x04b90000)
  from space 896K,  99% used [0x04c70000, 0x04d4fff8, 0x04d50000)
  to   space 896K,   0% used [0x04b90000, 0x04b90000, 0x04c70000)
 tenured generation   total 18972K, used 18125K [0x09950000, 0x0abd7000, 0x14400000)
   the space 18972K,  95% used [0x09950000, 0x0ab035b0, 0x0ab03600, 0x0abd7000)
 Metaspace       used 6412K, capacity 6836K, committed 6912K, reserved 7552K
Event: 1.631 GC heap after
Heap after GC invocations=11 (full 2):
 def new generation   total 14016K, used 0K [0x04400000, 0x05330000, 0x09950000)
  eden space 12480K,   0% used [0x04400000, 0x04400000, 0x05030000)
  from space 1536K,   0% used [0x05030000, 0x05030000, 0x051b0000)
  to   space 1536K,   0% used [0x051b0000, 0x051b0000, 0x05330000)
 tenured generation   total 31016K, used 18607K [0x09950000, 0x0b79a000, 0x14400000)
   the space 31016K,  59% used [0x09950000, 0x0ab7bf40, 0x0ab7c000, 0x0b79a000)
 Metaspace       used 6412K, capacity 6836K, committed 6912K, reserved 7552K
}
Event: 2.169 GC heap before
{Heap before GC invocations=11 (full 2):
 def new generation   total 14016K, used 12480K [0x04400000, 0x05330000, 0x09950000)
  eden space 12480K, 100% used [0x04400000, 0x05030000, 0x05030000)
  from space 1536K,   0% used [0x05030000, 0x05030000, 0x051b0000)
  to   space 1536K,   0% used [0x051b0000, 0x051b0000, 0x05330000)
 tenured generation   total 31016K, used 18607K [0x09950000, 0x0b79a000, 0x14400000)
   the space 31016K,  59% used [0x09950000, 0x0ab7bf40, 0x0ab7c000, 0x0b79a000)
 Metaspace       used 6412K, capacity 6836K, committed 6912K, reserved 7552K
Event: 2.174 GC heap after
Heap after GC invocations=12 (full 2):
 def new generation   total 14016K, used 1536K [0x04400000, 0x05330000, 0x09950000)
  eden space 12480K,   0% used [0x04400000, 0x04400000, 0x05030000)
  from space 1536K, 100% used [0x051b0000, 0x05330000, 0x05330000)
  to   space 1536K,   0% used [0x05030000, 0x05030000, 0x051b0000)
 tenured generation   total 31016K, used 20086K [0x09950000, 0x0b79a000, 0x14400000)
   the space 31016K,  64% used [0x09950000, 0x0acedb20, 0x0acedc00, 0x0b79a000)
 Metaspace       used 6412K, capacity 6836K, committed 6912K, reserved 7552K
}
Event: 2.713 GC heap before
{Heap before GC invocations=12 (full 2):
 def new generation   total 14016K, used 14015K [0x04400000, 0x05330000, 0x09950000)
  eden space 12480K,  99% used [0x04400000, 0x0502ff48, 0x05030000)
  from space 1536K, 100% used [0x051b0000, 0x05330000, 0x05330000)
  to   space 1536K,   0% used [0x05030000, 0x05030000, 0x051b0000)
 tenured generation   total 31016K, used 20086K [0x09950000, 0x0b79a000, 0x14400000)
   the space 31016K,  64% used [0x09950000, 0x0acedb20, 0x0acedc00, 0x0b79a000)
 Metaspace       used 6424K, capacity 6841K, committed 6912K, reserved 7552K
Event: 2.720 GC heap after
Heap after GC invocations=13 (full 2):
 def new generation   total 14016K, used 1536K [0x04400000, 0x05330000, 0x09950000)
  eden space 12480K,   0% used [0x04400000, 0x04400000, 0x05030000)
  from space 1536K, 100% used [0x05030000, 0x051b0000, 0x051b0000)
  to   space 1536K,   0% used [0x051b0000, 0x051b0000, 0x05330000)
 tenured generation   total 31016K, used 21663K [0x09950000, 0x0b79a000, 0x14400000)
   the space 31016K,  69% used [0x09950000, 0x0ae77da0, 0x0ae77e00, 0x0b79a000)
 Metaspace       used 6424K, capacity 6841K, committed 6912K, reserved 7552K
}

