# JRE version: Java(TM) SE Runtime Environment (8.0_51-b16) (build 1.8.0_51-b16)
# Java VM: Java HotSpot(TM) Client VM (25.51-b03 mixed mode, sharing windows-x86 )
Heap:
 def new generation   total 13824K, used 2586K [0x04400000, 0x05300000, 0x09950000)
  eden space 12288K,   8% used [0x04400000, 0x04506bf8, 0x05000000)
  from space 1536K,  99% used [0x05000000, 0x0517fff8, 0x05180000)
  to   space 1536K,   0% used [0x05180000, 0x05180000, 0x05300000)
 tenured generation   total 30592K, used 21421K [0x09950000, 0x0b730000, 0x14400000)
   the space 30592K,  70% used [0x09950000, 0x0ae3b468, 0x0ae3b600, 0x0b730000)
 Metaspace       used 6425K, capacity 6841K, committed 6912K, reserved 7552K
GC Heap History (10 events):
Event: 1.173 GC heap before
{Heap before GC invocations=8 (full 1):
 def new generation   total 8640K, used 8639K [0x04400000, 0x04d50000, 0x09950000)
  eden space 7744K, 100% used [0x04400000, 0x04b90000, 0x04b90000)
  from space 896K,  99% used [0x04c70000, 0x04d4fff8, 0x04d50000)
  to   space 896K,   0% used [0x04b90000, 0x04b90000, 0x04c70000)
 tenured generation   total 18996K, used 12989K [0x09950000, 0x0abdd000, 0x14400000)
   the space 18996K,  68% used [0x09950000, 0x0a5ff6e0, 0x0a5ff800, 0x0abdd000)
 Metaspace       used 6052K, capacity 6766K, committed 6784K, reserved 7552K
Event: 1.177 GC heap after
Heap after GC invocations=9 (full 1):
 def new generation   total 8640K, used 896K [0x04400000, 0x04d50000, 0x09950000)
  eden space 7744K,   0% used [0x04400000, 0x04400000, 0x04b90000)
  from space 896K, 100% used [0x04b90000, 0x04c70000, 0x04c70000)
  to   space 896K,   0% used [0x04c70000, 0x04c70000, 0x04d50000)
 tenured generation   total 18996K, used 14182K [0x09950000, 0x0abdd000, 0x14400000)
   the space 18996K,  74% used [0x09950000, 0x0a729a58, 0x0a729c00, 0x0abdd000)
 Metaspace       used 6052K, capacity 6766K, committed 6784K, reserved 7552K
}
Event: 1.304 GC heap before
{Heap before GC invocations=9 (full 1):
 def new generation   total 8640K, used 8640K [0x04400000, 0x04d50000, 0x09950000)
  eden space 7744K, 100% used [0x04400000, 0x04b90000, 0x04b90000)
  from space 896K, 100% used [0x04b90000, 0x04c70000, 0x04c70000)
  to   space 896K,   0% used [0x04c70000, 0x04c70000, 0x04d50000)
 tenured generation   total 18996K, used 14182K [0x09950000, 0x0abdd000, 0x14400000)
   the space 18996K,  74% used [0x09950000, 0x0a729a58, 0x0a729c00, 0x0abdd000)
 Metaspace       used 6387K, capacity 6836K, committed 6912K, reserved 7552K
Event: 1.308 GC heap after
Heap after GC invocations=10 (full 1):
 def new generation   total 8640K, used 896K [0x04400000, 0x04d50000, 0x09950000)
  eden space 7744K,   0% used [0x04400000, 0x04400000, 0x04b90000)
  from space 896K, 100% used [0x04c70000, 0x04d50000, 0x04d50000)
  to   space 896K,   0% used [0x04b90000, 0x04b90000, 0x04c70000)
 tenured generation   total 18996K, used 18185K [0x09950000, 0x0abdd000, 0x14400000)
   the space 18996K,  95% used [0x09950000, 0x0ab12648, 0x0ab12800, 0x0abdd000)
 Metaspace       used 6387K, capacity 6836K, committed 6912K, reserved 7552K
}
Event: 1.680 GC heap before
{Heap before GC invocations=10 (full 1):
 def new generation   total 8640K, used 8640K [0x04400000, 0x04d50000, 0x09950000)
  eden space 7744K, 100% used [0x04400000, 0x04b90000, 0x04b90000)
  from space 896K, 100% used [0x04c70000, 0x04d50000, 0x04d50000)
  to   space 896K,   0% used [0x04b90000, 0x04b90000, 0x04c70000)
 tenured generation   total 18996K, used 18185K [0x09950000, 0x0abdd000, 0x14400000)
   the space 18996K,  95% used [0x09950000, 0x0ab12648, 0x0ab12800, 0x0abdd000)
 Metaspace       used 6412K, capacity 6836K, committed 6912K, reserved 7552K
Event: 1.698 GC heap after
Heap after GC invocations=11 (full 2):
 def new generation   total 13824K, used 0K [0x04400000, 0x05300000, 0x09950000)
  eden space 12288K,   0% used [0x04400000, 0x04400000, 0x05000000)
  from space 1536K,   0% used [0x05000000, 0x05000000, 0x05180000)
  to   space 1536K,   0% used [0x05180000, 0x05180000, 0x05300000)
 tenured generation   total 30592K, used 18353K [0x09950000, 0x0b730000, 0x14400000)
   the space 30592K,  59% used [0x09950000, 0x0ab3c6c0, 0x0ab3c800, 0x0b730000)
 Metaspace       used 6412K, capacity 6836K, committed 6912K, reserved 7552K
}
Event: 2.295 GC heap before
{Heap before GC invocations=11 (full 2):
 def new generation   total 13824K, used 12288K [0x04400000, 0x05300000, 0x09950000)
  eden space 12288K, 100% used [0x04400000, 0x05000000, 0x05000000)
  from space 1536K,   0% used [0x05000000, 0x05000000, 0x05180000)
  to   space 1536K,   0% used [0x05180000, 0x05180000, 0x05300000)
 tenured generation   total 30592K, used 18353K [0x09950000, 0x0b730000, 0x14400000)
   the space 30592K,  59% used [0x09950000, 0x0ab3c6c0, 0x0ab3c800, 0x0b730000)
 Metaspace       used 6412K, capacity 6836K, committed 6912K, reserved 7552K
Event: 2.300 GC heap after
Heap after GC invocations=12 (full 2):
 def new generation   total 13824K, used 1535K [0x04400000, 0x05300000, 0x09950000)
  eden space 12288K,   0% used [0x04400000, 0x04400000, 0x05000000)
  from space 1536K,  99% used [0x05180000, 0x052ffff8, 0x05300000)
  to   space 1536K,   0% used [0x05000000, 0x05000000, 0x05180000)
 tenured generation   total 30592K, used 19789K [0x09950000, 0x0b730000, 0x14400000)
   the space 30592K,  64% used [0x09950000, 0x0aca3720, 0x0aca3800, 0x0b730000)
 Metaspace       used 6412K, capacity 6836K, committed 6912K, reserved 7552K
}
Event: 2.898 GC heap before
{Heap before GC invocations=12 (full 2):
 def new generation   total 13824K, used 13823K [0x04400000, 0x05300000, 0x09950000)
  eden space 12288K, 100% used [0x04400000, 0x05000000, 0x05000000)
  from space 1536K,  99% used [0x05180000, 0x052ffff8, 0x05300000)
  to   space 1536K,   0% used [0x05000000, 0x05000000, 0x05180000)
 tenured generation   total 30592K, used 19789K [0x09950000, 0x0b730000, 0x14400000)
   the space 30592K,  64% used [0x09950000, 0x0aca3720, 0x0aca3800, 0x0b730000)
 Metaspace       used 6425K, capacity 6841K, committed 6912K, reserved 7552K
Event: 2.903 GC heap after
Heap after GC invocations=13 (full 2):
 def new generation   total 13824K, used 1535K [0x04400000, 0x05300000, 0x09950000)
  eden space 12288K,   0% used [0x04400000, 0x04400000, 0x05000000)
  from space 1536K,  99% used [0x05000000, 0x0517fff8, 0x05180000)
  to   space 1536K,   0% used [0x05180000, 0x05180000, 0x05300000)
 tenured generation   total 30592K, used 21421K [0x09950000, 0x0b730000, 0x14400000)
   the space 30592K,  70% used [0x09950000, 0x0ae3b468, 0x0ae3b600, 0x0b730000)
 Metaspace       used 6425K, capacity 6841K, committed 6912K, reserved 7552K
}

