# JRE version: Java(TM) SE Runtime Environment (8.0_51-b16) (build 1.8.0_51-b16)
# Java VM: Java HotSpot(TM) Client VM (25.51-b03 mixed mode windows-x86 )
Heap:
 def new generation   total 7040K, used 1727K [0x04800000, 0x04fa0000, 0x09d50000)
  eden space 6272K,  15% used [0x04800000, 0x048efd00, 0x04e20000)
  from space 768K, 100% used [0x04e20000, 0x04ee0000, 0x04ee0000)
  to   space 768K,   0% used [0x04ee0000, 0x04ee0000, 0x04fa0000)
 tenured generation   total 15452K, used 14817K [0x09d50000, 0x0ac67000, 0x14800000)
   the space 15452K,  95% used [0x09d50000, 0x0abc8610, 0x0abc8800, 0x0ac67000)
 Metaspace       used 12545K, capacity 12878K, committed 12928K, reserved 13696K
GC Heap History (10 events):
Event: 1.746 GC heap before
{Heap before GC invocations=12 (full 1):
 def new generation   total 7040K, used 7039K [0x04800000, 0x04fa0000, 0x09d50000)
  eden space 6272K, 100% used [0x04800000, 0x04e20000, 0x04e20000)
  from space 768K,  99% used [0x04ee0000, 0x04f9fff8, 0x04fa0000)
  to   space 768K,   0% used [0x04e20000, 0x04e20000, 0x04ee0000)
 tenured generation   total 15452K, used 10140K [0x09d50000, 0x0ac67000, 0x14800000)
   the space 15452K,  65% used [0x09d50000, 0x0a737160, 0x0a737200, 0x0ac67000)
 Metaspace       used 12512K, capacity 12841K, committed 12928K, reserved 13696K
Event: 1.750 GC heap after
Heap after GC invocations=13 (full 1):
 def new generation   total 7040K, used 767K [0x04800000, 0x04fa0000, 0x09d50000)
  eden space 6272K,   0% used [0x04800000, 0x04800000, 0x04e20000)
  from space 768K,  99% used [0x04e20000, 0x04edfff8, 0x04ee0000)
  to   space 768K,   0% used [0x04ee0000, 0x04ee0000, 0x04fa0000)
 tenured generation   total 15452K, used 11332K [0x09d50000, 0x0ac67000, 0x14800000)
   the space 15452K,  73% used [0x09d50000, 0x0a861198, 0x0a861200, 0x0ac67000)
 Metaspace       used 12512K, capacity 12841K, committed 12928K, reserved 13696K
}
Event: 2.030 GC heap before
{Heap before GC invocations=13 (full 1):
 def new generation   total 7040K, used 7039K [0x04800000, 0x04fa0000, 0x09d50000)
  eden space 6272K, 100% used [0x04800000, 0x04e20000, 0x04e20000)
  from space 768K,  99% used [0x04e20000, 0x04edfff8, 0x04ee0000)
  to   space 768K,   0% used [0x04ee0000, 0x04ee0000, 0x04fa0000)
 tenured generation   total 15452K, used 11332K [0x09d50000, 0x0ac67000, 0x14800000)
   the space 15452K,  73% used [0x09d50000, 0x0a861198, 0x0a861200, 0x0ac67000)
 Metaspace       used 12512K, capacity 12841K, committed 12928K, reserved 13696K
Event: 2.033 GC heap after
Heap after GC invocations=14 (full 1):
 def new generation   total 7040K, used 767K [0x04800000, 0x04fa0000, 0x09d50000)
  eden space 6272K,   0% used [0x04800000, 0x04800000, 0x04e20000)
  from space 768K,  99% used [0x04ee0000, 0x04f9fff8, 0x04fa0000)
  to   space 768K,   0% used [0x04e20000, 0x04e20000, 0x04ee0000)
 tenured generation   total 15452K, used 12161K [0x09d50000, 0x0ac67000, 0x14800000)
   the space 15452K,  78% used [0x09d50000, 0x0a930698, 0x0a930800, 0x0ac67000)
 Metaspace       used 12512K, capacity 12841K, committed 12928K, reserved 13696K
}
Event: 2.307 GC heap before
{Heap before GC invocations=14 (full 1):
 def new generation   total 7040K, used 7039K [0x04800000, 0x04fa0000, 0x09d50000)
  eden space 6272K, 100% used [0x04800000, 0x04e20000, 0x04e20000)
  from space 768K,  99% used [0x04ee0000, 0x04f9fff8, 0x04fa0000)
  to   space 768K,   0% used [0x04e20000, 0x04e20000, 0x04ee0000)
 tenured generation   total 15452K, used 12161K [0x09d50000, 0x0ac67000, 0x14800000)
   the space 15452K,  78% used [0x09d50000, 0x0a930698, 0x0a930800, 0x0ac67000)
 Metaspace       used 12512K, capacity 12841K, committed 12928K, reserved 13696K
Event: 2.309 GC heap after
Heap after GC invocations=15 (full 1):
 def new generation   total 7040K, used 768K [0x04800000, 0x04fa0000, 0x09d50000)
  eden space 6272K,   0% used [0x04800000, 0x04800000, 0x04e20000)
  from space 768K, 100% used [0x04e20000, 0x04ee0000, 0x04ee0000)
  to   space 768K,   0% used [0x04ee0000, 0x04ee0000, 0x04fa0000)
 tenured generation   total 15452K, used 13028K [0x09d50000, 0x0ac67000, 0x14800000)
   the space 15452K,  84% used [0x09d50000, 0x0aa09208, 0x0aa09400, 0x0ac67000)
 Metaspace       used 12512K, capacity 12841K, committed 12928K, reserved 13696K
}
Event: 2.580 GC heap before
{Heap before GC invocations=15 (full 1):
 def new generation   total 7040K, used 7040K [0x04800000, 0x04fa0000, 0x09d50000)
  eden space 6272K, 100% used [0x04800000, 0x04e20000, 0x04e20000)
  from space 768K, 100% used [0x04e20000, 0x04ee0000, 0x04ee0000)
  to   space 768K,   0% used [0x04ee0000, 0x04ee0000, 0x04fa0000)
 tenured generation   total 15452K, used 13028K [0x09d50000, 0x0ac67000, 0x14800000)
   the space 15452K,  84% used [0x09d50000, 0x0aa09208, 0x0aa09400, 0x0ac67000)
 Metaspace       used 12532K, capacity 12841K, committed 12928K, reserved 13696K
Event: 2.583 GC heap after
Heap after GC invocations=16 (full 1):
 def new generation   total 7040K, used 767K [0x04800000, 0x04fa0000, 0x09d50000)
  eden space 6272K,   0% used [0x04800000, 0x04800000, 0x04e20000)
  from space 768K,  99% used [0x04ee0000, 0x04f9fff8, 0x04fa0000)
  to   space 768K,   0% used [0x04e20000, 0x04e20000, 0x04ee0000)
 tenured generation   total 15452K, used 13916K [0x09d50000, 0x0ac67000, 0x14800000)
   the space 15452K,  90% used [0x09d50000, 0x0aae73f8, 0x0aae7400, 0x0ac67000)
 Metaspace       used 12532K, capacity 12841K, committed 12928K, reserved 13696K
}
Event: 2.888 GC heap before
{Heap before GC invocations=16 (full 1):
 def new generation   total 7040K, used 7039K [0x04800000, 0x04fa0000, 0x09d50000)
  eden space 6272K, 100% used [0x04800000, 0x04e20000, 0x04e20000)
  from space 768K,  99% used [0x04ee0000, 0x04f9fff8, 0x04fa0000)
  to   space 768K,   0% used [0x04e20000, 0x04e20000, 0x04ee0000)
 tenured generation   total 15452K, used 13916K [0x09d50000, 0x0ac67000, 0x14800000)
   the space 15452K,  90% used [0x09d50000, 0x0aae73f8, 0x0aae7400, 0x0ac67000)
 Metaspace       used 12545K, capacity 12878K, committed 12928K, reserved 13696K
Event: 2.891 GC heap after
Heap after GC invocations=17 (full 1):
 def new generation   total 7040K, used 768K [0x04800000, 0x04fa0000, 0x09d50000)
  eden space 6272K,   0% used [0x04800000, 0x04800000, 0x04e20000)
  from space 768K, 100% used [0x04e20000, 0x04ee0000, 0x04ee0000)
  to   space 768K,   0% used [0x04ee0000, 0x04ee0000, 0x04fa0000)
 tenured generation   total 15452K, used 14817K [0x09d50000, 0x0ac67000, 0x14800000)
   the space 15452K,  95% used [0x09d50000, 0x0abc8610, 0x0abc8800, 0x0ac67000)
 Metaspace       used 12545K, capacity 12878K, committed 12928K, reserved 13696K
}

